                         Chronologic VCS (TM)
       Version F-2011.12-SP1_Full64 -- Thu Oct 15 22:04:07 2015
               Copyright (c) 1991-2012 by Synopsys Inc.
                         ALL RIGHTS RESERVED

This program is proprietary and confidential information of Synopsys Inc.
and may be used and disclosed only as authorized in a license agreement
controlling such use and disclosure.

Parsing design file './../../../maria.srcs/sources_1/new/timing_ctrl.sv'
Parsing design file './../../../maria.srcs/sources_1/new/line_ram.sv'
Parsing design file './../../../maria.srcs/sources_1/new/dma_ctrl.sv'
Parsing design file './../../../maria.srcs/sources_1/new/memory_map.sv'
Parsing design file './../../../../vga.sv'
Parsing design file './../../../maria.srcs/sources_1/new/maria.sv'
CPU time: .090 seconds to compile
                         Chronologic VCS (TM)
       Version F-2011.12-SP1_Full64 -- Thu Oct 15 22:04:07 2015
               Copyright (c) 1991-2012 by Synopsys Inc.
                         ALL RIGHTS RESERVED

This program is proprietary and confidential information of Synopsys Inc.
and may be used and disclosed only as authorized in a license agreement
controlling such use and disclosure.

Parsing design file './../../../maria.srcs/sources_1/ip/clock_divider/clock_divider_clk_wiz.v'
Parsing design file './../../../maria.srcs/sources_1/ip/clock_divider/clock_divider.v'
CPU time: .084 seconds to compile
                         Chronologic VCS (TM)
       Version F-2011.12-SP1_Full64 -- Thu Oct 15 22:04:07 2015
               Copyright (c) 1991-2012 by Synopsys Inc.
                         ALL RIGHTS RESERVED

This program is proprietary and confidential information of Synopsys Inc.
and may be used and disclosed only as authorized in a license agreement
controlling such use and disclosure.

Parsing design file './../../../maria.srcs/sources_1/new/top.sv'
Parsing design file './../../../maria.srcs/sources_1/new/tb.sv'
CPU time: .083 seconds to compile
                         Chronologic VCS (TM)
       Version F-2011.12-SP1_Full64 -- Thu Oct 15 22:04:08 2015
               Copyright (c) 1991-2012 by Synopsys Inc.
                         ALL RIGHTS RESERVED

This program is proprietary and confidential information of Synopsys Inc.
and may be used and disclosed only as authorized in a license agreement
controlling such use and disclosure.

Parsing design file 'glbl.v'
CPU time: .083 seconds to compile
