#
# An unexpected error has occurred (6)
#
Stack:
/lib64/libc.so.6(+0x35650) [0x7fecad627650]
/lib64/libc.so.6(gsignal+0x37) [0x7fecad6275d7]
/lib64/libc.so.6(abort+0x148) [0x7fecad628cc8]
/afs/ece/support/xilinx/xilinx.release/Vivado/lib/lnx64.o/libstdc++.so.6(_ZN9__gnu_cxx27__verbose_terminate_handlerEv+0x155) [0x7fecadc28a95]
/afs/ece/support/xilinx/xilinx.release/Vivado/lib/lnx64.o/libstdc++.so.6(+0x5dc06) [0x7fecadc26c06]
/afs/ece/support/xilinx/xilinx.release/Vivado/lib/lnx64.o/libstdc++.so.6(+0x5ccc9) [0x7fecadc25cc9]
/afs/ece/support/xilinx/xilinx.release/Vivado/lib/lnx64.o/libstdc++.so.6(__gxx_personality_v0+0x52a) [0x7fecadc2687a]
/afs/ece/support/xilinx/xilinx.release/Vivado/lib/lnx64.o/libgcc_s.so.1(+0xf6d3) [0x7fecad9c26d3]
/afs/ece/support/xilinx/xilinx.release/Vivado/lib/lnx64.o/libgcc_s.so.1(_Unwind_Resume+0x57) [0x7fecad9c2c07]
/afs/ece/support/xilinx/xilinx.release/Vivado/lib/lnx64.o/librdi_simbridge_kernel.so(+0x543ba) [0x7fec7c9dd3ba]
/afs/ece/support/xilinx/xilinx.release/Vivado/lib/lnx64.o/librdi_simbridge_kernel.so(SimBridge::WdbFileManager::~WdbFileManager()+0x9) [0x7fec7c9dd3c9]
/afs/ece/support/xilinx/xilinx.release/Vivado/lib/lnx64.o/librdi_simbridge_kernel.so(SimBridge::WdbCommonReader::~WdbCommonReader()+0x5e) [0x7fec7c9d511e]
/afs/ece/support/xilinx/xilinx.release/Vivado/lib/lnx64.o/librdi_simbridge_kernel.so(SimBridge::WdbLiveReader::~WdbLiveReader()+0x1c5) [0x7fec7c9df1c5]
/afs/ece/support/xilinx/xilinx.release/Vivado/lib/lnx64.o/librdi_simbridge_kernel.so(SimBridge::WdbLiveReader::~WdbLiveReader()+0x9) [0x7fec7c9df1f9]
/afs/ece/support/xilinx/xilinx.release/Vivado/lib/lnx64.o/librdi_wavedata.so(SimBridge::DataObjMgr::~DataObjMgr()+0x2d) [0x7fec7d88917d]
/afs/ece/support/xilinx/xilinx.release/Vivado/lib/lnx64.o/librdi_wavedata.so(SimBridge::DataReader::~DataReader()+0x1d4) [0x7fec7d88f784]
/afs/ece/support/xilinx/xilinx.release/Vivado/lib/lnx64.o/librdi_wavedata.so(SimBridge::LiveSimClientImpl::~LiveSimClientImpl()+0x38) [0x7fec7d8a5458]
/afs/ece/support/xilinx/xilinx.release/Vivado/lib/lnx64.o/librdi_wavedata.so(SimBridge::LiveSimClient::~LiveSimClient()+0x21) [0x7fec7d8a47a1]
/afs/ece/support/xilinx/xilinx.release/Vivado/lib/lnx64.o/librdi_wavedata.so(SimBridge::LiveSimClient::~LiveSimClient()+0x9) [0x7fec7d8a4809]
/afs/ece/support/xilinx/xilinx.release/Vivado/lib/lnx64.o/librdi_simdata.so(RSDData::RSDLiveSimulationObject::closeLiveSimClient()+0x4c) [0x7fec79a506ac]
/afs/ece/support/xilinx/xilinx.release/Vivado/lib/lnx64.o/librdi_simdata.so(RSDData::RSDLiveSimulationObject::~RSDLiveSimulationObject()+0x1c) [0x7fec79a506fc]
/afs/ece/support/xilinx/xilinx.release/Vivado/lib/lnx64.o/librdi_simdata.so(RSDData::RSDLiveSimulationObject::~RSDLiveSimulationObject()+0x9) [0x7fec79a50739]
/afs/ece/support/xilinx/xilinx.release/Vivado/lib/lnx64.o/librdi_simtcltasks.so(+0x214884) [0x7fec3d11e884]
/afs/ece/support/xilinx/xilinx.release/Vivado/lib/lnx64.o/librdi_common.so(+0x62104f) [0x7fecae6f804f]
/afs/ece/support/xilinx/xilinx.release/Vivado/lib/lnx64.o/libtcl8.5.so(+0x331f5) [0x7feca96a21f5]
/afs/ece/support/xilinx/xilinx.release/Vivado/lib/lnx64.o/libtcl8.5.so(+0x76bbe) [0x7feca96e5bbe]
/afs/ece/support/xilinx/xilinx.release/Vivado/lib/lnx64.o/libtcl8.5.so(+0x7e767) [0x7feca96ed767]
/afs/ece/support/xilinx/xilinx.release/Vivado/lib/lnx64.o/libtcl8.5.so(TclEvalObjEx+0x77) [0x7feca96a4327]
/afs/ece/support/xilinx/xilinx.release/Vivado/lib/lnx64.o/librdi_common.so(+0x620952) [0x7fecae6f7952]
/afs/ece/support/xilinx/xilinx.release/Vivado/lib/lnx64.o/libtcl8.5.so(Tcl_ServiceEvent+0x87) [0x7feca9716b37]
/afs/ece/support/xilinx/xilinx.release/Vivado/lib/lnx64.o/libtcl8.5.so(Tcl_DoOneEvent+0x129) [0x7feca9716e69]
/afs/ece/support/xilinx/xilinx.release/Vivado/lib/lnx64.o/librdi_commontasks.so(+0x307205) [0x7fec9f30d205]
/afs/ece/support/xilinx/xilinx.release/Vivado/lib/lnx64.o/librdi_commontasks.so(+0x30e8cb) [0x7fec9f3148cb]
/afs/ece/support/xilinx/xilinx.release/Vivado/lib/lnx64.o/librdi_commontasks.so(+0x3078e3) [0x7fec9f30d8e3]
/afs/ece/support/xilinx/xilinx.release/Vivado/lib/lnx64.o/librdi_common.so(+0x62104f) [0x7fecae6f804f]
/afs/ece/support/xilinx/xilinx.release/Vivado/lib/lnx64.o/libtcl8.5.so(+0x331f5) [0x7feca96a21f5]
/afs/ece/support/xilinx/xilinx.release/Vivado/lib/lnx64.o/libtcl8.5.so(+0x76bbe) [0x7feca96e5bbe]
/afs/ece/support/xilinx/xilinx.release/Vivado/lib/lnx64.o/libtcl8.5.so(+0x7e767) [0x7feca96ed767]
/afs/ece/support/xilinx/xilinx.release/Vivado/lib/lnx64.o/libtcl8.5.so(TclEvalObjEx+0x77) [0x7feca96a4327]
/afs/ece/support/xilinx/xilinx.release/Vivado/lib/lnx64.o/librdi_commonmain.so(+0x7110) [0x7fecaded2110]
/afs/ece/support/xilinx/xilinx.release/Vivado/lib/lnx64.o/libtcl8.5.so(Tcl_Main+0x1d5) [0x7feca970f175]
/afs/ece/support/xilinx/xilinx.release/Vivado/lib/lnx64.o/librdi_common.so(+0x659c89) [0x7fecae730c89]
/lib64/libpthread.so.0(+0x7df5) [0x7fecad0dbdf5]
/lib64/libc.so.6(clone+0x6d) [0x7fecad6e81ad]
