#
# An unexpected error has occurred (11)
#
Stack:
/afs/ece.cmu.edu/support/xilinx/xilinx.release/Vivado-2015.2/Vivado/2015.2/tps/lnx64/jre/lib/amd64/server/libjvm.so(+0x8e58a9) [0x7f96a15998a9]
/afs/ece.cmu.edu/support/xilinx/xilinx.release/Vivado-2015.2/Vivado/2015.2/tps/lnx64/jre/lib/amd64/server/libjvm.so(JVM_handle_linux_signal+0xb6) [0x7f96a159f4f6]
/afs/ece.cmu.edu/support/xilinx/xilinx.release/Vivado-2015.2/Vivado/2015.2/tps/lnx64/jre/lib/amd64/server/libjvm.so(+0x8e2523) [0x7f96a1596523]
/lib64/libc.so.6(+0x35650) [0x7f96d7836650]
/afs/ece.cmu.edu/support/xilinx/xilinx.release/Vivado-2015.2/Vivado/2015.2/lib/lnx64.o/librdi_labtools.so(LTDHWSession::getDeviceName() const+0) [0x7f96abcab6d0]
/afs/ece.cmu.edu/support/xilinx/xilinx.release/Vivado-2015.2/Vivado/2015.2/lib/lnx64.o/librdi_labtools.so(LTDHWSessionMgr::getHWSession(std::string const&)+0x34) [0x7f96abcae764]
/afs/ece.cmu.edu/support/xilinx/xilinx.release/Vivado-2015.2/Vivado/2015.2/lib/lnx64.o/librdi_labtools.so(LTDHWSessionMgr::getPersistDevicePtr(std::string)+0xf) [0x7f96abcaea1f]
/afs/ece.cmu.edu/support/xilinx/xilinx.release/Vivado-2015.2/Vivado/2015.2/lib/lnx64.o/librdi_labtools.so(LTDPersist::getDevice(std::string const&, std::shared_ptr<LTDPersist::Device>&)+0x3c) [0x7f96abcceedc]
/afs/ece.cmu.edu/support/xilinx/xilinx.release/Vivado-2015.2/Vivado/2015.2/lib/lnx64.o/librdi_labtools.so(LTDPersist::getObjectList(std::string const&, std::string const&, std::shared_ptr<LTDPersist::ObjectList>&)+0x27) [0x7f96abccef77]
/afs/ece.cmu.edu/support/xilinx/xilinx.release/Vivado-2015.2/Vivado/2015.2/lib/lnx64.o/librdi_labtools.so(LTDPersist::getObject(std::string const&, std::string const&, std::string const&, std::shared_ptr<LTDPersist::Object>&)+0x27) [0x7f96abccf057]
/afs/ece.cmu.edu/support/xilinx/xilinx.release/Vivado-2015.2/Vivado/2015.2/lib/lnx64.o/librdi_labtools.so(LTDPersist::setProperty(std::string const&, std::string const&, std::string const&, std::string const&, std::string const&)+0x36) [0x7f96abcd15e6]
/afs/ece.cmu.edu/support/xilinx/xilinx.release/Vivado-2015.2/Vivado/2015.2/lib/lnx64.o/librdi_labtools.so(LTDPersist::setPropertyPath(std::string const&, std::string const&, std::string const&, std::string const&, std::string const&)+0x60) [0x7f96abcd17d0]
/afs/ece.cmu.edu/support/xilinx/xilinx.release/Vivado-2015.2/Vivado/2015.2/lib/lnx64.o/librdi_labtools.so(LTDHWDevice::setPersistPropertyPath(std::string const&, std::string const&) const+0x41) [0x7f96abd0fda1]
/afs/ece.cmu.edu/support/xilinx/xilinx.release/Vivado-2015.2/Vivado/2015.2/lib/lnx64.o/librdi_labtools.so(LTDHWDevice::setProbesFile(std::string const&, bool, bool)+0x6f) [0x7f96abd13bdf]
/afs/ece.cmu.edu/support/xilinx/xilinx.release/Vivado-2015.2/Vivado/2015.2/lib/lnx64.o/librdi_labtoolstasks.so(+0x588d43) [0x7f96864ebd43]
/afs/ece.cmu.edu/support/xilinx/xilinx.release/Vivado-2015.2/Vivado/2015.2/lib/lnx64.o/librdi_labtoolstasks.so(+0x58e9a8) [0x7f96864f19a8]
/afs/ece.cmu.edu/support/xilinx/xilinx.release/Vivado-2015.2/Vivado/2015.2/lib/lnx64.o/librdi_commontasks.so(+0x3dd436) [0x7f96c95f2436]
/afs/ece.cmu.edu/support/xilinx/xilinx.release/Vivado-2015.2/Vivado/2015.2/lib/lnx64.o/librdi_common.so(+0x62104f) [0x7f96d890704f]
/afs/ece.cmu.edu/support/xilinx/xilinx.release/Vivado-2015.2/Vivado/2015.2/lib/lnx64.o/libtcl8.5.so(+0x331f5) [0x7f96d38b11f5]
/afs/ece.cmu.edu/support/xilinx/xilinx.release/Vivado-2015.2/Vivado/2015.2/lib/lnx64.o/libtcl8.5.so(Tcl_EvalObjv+0x32) [0x7f96d38b17e2]
/afs/ece.cmu.edu/support/xilinx/xilinx.release/Vivado-2015.2/Vivado/2015.2/lib/lnx64.o/libtcl8.5.so(TclEvalObjEx+0x322) [0x7f96d38b35d2]
/afs/ece.cmu.edu/support/xilinx/xilinx.release/Vivado-2015.2/Vivado/2015.2/lib/lnx64.o/librdi_commontasks.so(+0x3d7a9d) [0x7f96c95eca9d]
/afs/ece.cmu.edu/support/xilinx/xilinx.release/Vivado-2015.2/Vivado/2015.2/lib/lnx64.o/librdi_common.so(+0x62104f) [0x7f96d890704f]
/afs/ece.cmu.edu/support/xilinx/xilinx.release/Vivado-2015.2/Vivado/2015.2/lib/lnx64.o/libtcl8.5.so(+0x331f5) [0x7f96d38b11f5]
/afs/ece.cmu.edu/support/xilinx/xilinx.release/Vivado-2015.2/Vivado/2015.2/lib/lnx64.o/libtcl8.5.so(+0x76bbe) [0x7f96d38f4bbe]
/afs/ece.cmu.edu/support/xilinx/xilinx.release/Vivado-2015.2/Vivado/2015.2/lib/lnx64.o/libtcl8.5.so(+0x7e767) [0x7f96d38fc767]
/afs/ece.cmu.edu/support/xilinx/xilinx.release/Vivado-2015.2/Vivado/2015.2/lib/lnx64.o/libtcl8.5.so(TclEvalObjEx+0x77) [0x7f96d38b3327]
/afs/ece.cmu.edu/support/xilinx/xilinx.release/Vivado-2015.2/Vivado/2015.2/lib/lnx64.o/librdi_common.so(+0x620952) [0x7f96d8906952]
/afs/ece.cmu.edu/support/xilinx/xilinx.release/Vivado-2015.2/Vivado/2015.2/lib/lnx64.o/libtcl8.5.so(Tcl_ServiceEvent+0x87) [0x7f96d3925b37]
/afs/ece.cmu.edu/support/xilinx/xilinx.release/Vivado-2015.2/Vivado/2015.2/lib/lnx64.o/libtcl8.5.so(Tcl_DoOneEvent+0x129) [0x7f96d3925e69]
/afs/ece.cmu.edu/support/xilinx/xilinx.release/Vivado-2015.2/Vivado/2015.2/lib/lnx64.o/librdi_commontasks.so(+0x307205) [0x7f96c951c205]
/afs/ece.cmu.edu/support/xilinx/xilinx.release/Vivado-2015.2/Vivado/2015.2/lib/lnx64.o/librdi_commontasks.so(+0x30e8cb) [0x7f96c95238cb]
/afs/ece.cmu.edu/support/xilinx/xilinx.release/Vivado-2015.2/Vivado/2015.2/lib/lnx64.o/librdi_commontasks.so(+0x3078e3) [0x7f96c951c8e3]
/afs/ece.cmu.edu/support/xilinx/xilinx.release/Vivado-2015.2/Vivado/2015.2/lib/lnx64.o/librdi_common.so(+0x62104f) [0x7f96d890704f]
/afs/ece.cmu.edu/support/xilinx/xilinx.release/Vivado-2015.2/Vivado/2015.2/lib/lnx64.o/libtcl8.5.so(+0x331f5) [0x7f96d38b11f5]
/afs/ece.cmu.edu/support/xilinx/xilinx.release/Vivado-2015.2/Vivado/2015.2/lib/lnx64.o/libtcl8.5.so(+0x76bbe) [0x7f96d38f4bbe]
/afs/ece.cmu.edu/support/xilinx/xilinx.release/Vivado-2015.2/Vivado/2015.2/lib/lnx64.o/libtcl8.5.so(+0x7e767) [0x7f96d38fc767]
/afs/ece.cmu.edu/support/xilinx/xilinx.release/Vivado-2015.2/Vivado/2015.2/lib/lnx64.o/libtcl8.5.so(TclEvalObjEx+0x77) [0x7f96d38b3327]
/afs/ece.cmu.edu/support/xilinx/xilinx.release/Vivado-2015.2/Vivado/2015.2/lib/lnx64.o/librdi_commonmain.so(+0x7110) [0x7f96d80e1110]
/afs/ece.cmu.edu/support/xilinx/xilinx.release/Vivado-2015.2/Vivado/2015.2/lib/lnx64.o/libtcl8.5.so(Tcl_Main+0x1d5) [0x7f96d391e175]
/afs/ece.cmu.edu/support/xilinx/xilinx.release/Vivado-2015.2/Vivado/2015.2/lib/lnx64.o/librdi_common.so(+0x659c89) [0x7f96d893fc89]
/lib64/libpthread.so.0(+0x7df5) [0x7f96d72eadf5]
/lib64/libc.so.6(clone+0x6d) [0x7f96d78f71ad]
