#
# An unexpected error has occurred (11)
#
Stack:
/afs/ece/support/xilinx/xilinx.release/Vivado/tps/lnx64/jre/lib/amd64/server/libjvm.so(+0x8e58a9) [0x7f0aa85438a9]
/afs/ece/support/xilinx/xilinx.release/Vivado/tps/lnx64/jre/lib/amd64/server/libjvm.so(JVM_handle_linux_signal+0xb6) [0x7f0aa85494f6]
/afs/ece/support/xilinx/xilinx.release/Vivado/tps/lnx64/jre/lib/amd64/server/libjvm.so(+0x8e2523) [0x7f0aa8540523]
/lib64/libc.so.6(+0x35670) [0x7f0ade7ed670]
/afs/ece/support/xilinx/xilinx.release/Vivado/lib/lnx64.o/librdi_runsbase.so(HAXPExpRunStep::getFlowStep() const+0) [0x7f0ab87de970]
/afs/ece/support/xilinx/xilinx.release/Vivado/lib/lnx64.o/librdi_runs.so(HAXFVDIDataMgr::scriptPreCmds_(HAXPExpRunBase*, std::string&, std::string&, std::string&)+0x5f2) [0x7f0ab8b8a132]
/afs/ece/support/xilinx/xilinx.release/Vivado/lib/lnx64.o/librdi_runsbase.so(HAXPScriptWriter::writePreCmds()+0x58) [0x7f0ab87ec2e8]
/afs/ece/support/xilinx/xilinx.release/Vivado/lib/lnx64.o/librdi_runsbase.so(HAXPScriptWriter::writeScript()+0x33) [0x7f0ab87ef9f3]
/afs/ece/support/xilinx/xilinx.release/Vivado/lib/lnx64.o/librdi_runs.so(HAXPLaunchMgr::writeRunFromFloorplan(HAXPExpRun*, HFLFloorplan*, HSTVector<std::pair<HAXPExpRun*, std::string>, std::allocator<std::pair<HAXPExpRun*, std::string> > >&, HDGUIStatus&)+0xd4) [0x7f0ab8ae0cb4]
/afs/ece/support/xilinx/xilinx.release/Vivado/lib/lnx64.o/librdi_project.so(HAPRRunDaemonLauncher::openDesignAndWriteRun_(HAPRDesignSpec const&, HAXPExpRun*, HSTVector<std::pair<HAXPExpRun*, std::string>, std::allocator<std::pair<HAXPExpRun*, std::string> > >&, HDGUIStatus&)+0x39c) [0x7f0aba05dcbc]
/afs/ece/support/xilinx/xilinx.release/Vivado/lib/lnx64.o/librdi_project.so(HAPRRunDaemonLauncher::exportRunForSpec_(HAXPExpRun*, HSTVector<std::pair<HAXPExpRun*, std::string>, std::allocator<std::pair<HAXPExpRun*, std::string> > >&, HDGUIStatus&)+0x9f) [0x7f0aba05e4bf]
/afs/ece/support/xilinx/xilinx.release/Vivado/lib/lnx64.o/librdi_project.so(HAPRRunDaemonLauncher::launch(HAXPLaunchOptions*, HSTVector<std::pair<HAXPExpRun*, std::string>, std::allocator<std::pair<HAXPExpRun*, std::string> > >&, HDGUIStatus&)+0x372) [0x7f0aba05eff2]
/afs/ece/support/xilinx/xilinx.release/Vivado/lib/lnx64.o/librdi_tcltasks.so(+0x127024e) [0x7f0aac92624e]
/afs/ece/support/xilinx/xilinx.release/Vivado/lib/lnx64.o/librdi_common.so(+0x62104f) [0x7f0adf8be04f]
/afs/ece/support/xilinx/xilinx.release/Vivado/lib/lnx64.o/libtcl8.5.so(+0x331f5) [0x7f0ada8681f5]
/afs/ece/support/xilinx/xilinx.release/Vivado/lib/lnx64.o/libtcl8.5.so(+0x76bbe) [0x7f0ada8abbbe]
/afs/ece/support/xilinx/xilinx.release/Vivado/lib/lnx64.o/libtcl8.5.so(+0x7e767) [0x7f0ada8b3767]
/afs/ece/support/xilinx/xilinx.release/Vivado/lib/lnx64.o/libtcl8.5.so(TclEvalObjEx+0x77) [0x7f0ada86a327]
/afs/ece/support/xilinx/xilinx.release/Vivado/lib/lnx64.o/librdi_common.so(+0x620952) [0x7f0adf8bd952]
/afs/ece/support/xilinx/xilinx.release/Vivado/lib/lnx64.o/libtcl8.5.so(Tcl_ServiceEvent+0x87) [0x7f0ada8dcb37]
/afs/ece/support/xilinx/xilinx.release/Vivado/lib/lnx64.o/libtcl8.5.so(Tcl_DoOneEvent+0x129) [0x7f0ada8dce69]
/afs/ece/support/xilinx/xilinx.release/Vivado/lib/lnx64.o/librdi_commontasks.so(+0x307205) [0x7f0ad04cd205]
/afs/ece/support/xilinx/xilinx.release/Vivado/lib/lnx64.o/librdi_commontasks.so(+0x30e8cb) [0x7f0ad04d48cb]
/afs/ece/support/xilinx/xilinx.release/Vivado/lib/lnx64.o/librdi_commontasks.so(+0x3078e3) [0x7f0ad04cd8e3]
/afs/ece/support/xilinx/xilinx.release/Vivado/lib/lnx64.o/librdi_common.so(+0x62104f) [0x7f0adf8be04f]
/afs/ece/support/xilinx/xilinx.release/Vivado/lib/lnx64.o/libtcl8.5.so(+0x331f5) [0x7f0ada8681f5]
/afs/ece/support/xilinx/xilinx.release/Vivado/lib/lnx64.o/libtcl8.5.so(+0x76bbe) [0x7f0ada8abbbe]
/afs/ece/support/xilinx/xilinx.release/Vivado/lib/lnx64.o/libtcl8.5.so(+0x7e767) [0x7f0ada8b3767]
/afs/ece/support/xilinx/xilinx.release/Vivado/lib/lnx64.o/libtcl8.5.so(TclEvalObjEx+0x77) [0x7f0ada86a327]
/afs/ece/support/xilinx/xilinx.release/Vivado/lib/lnx64.o/librdi_commonmain.so(+0x7110) [0x7f0adf098110]
/afs/ece/support/xilinx/xilinx.release/Vivado/lib/lnx64.o/libtcl8.5.so(Tcl_Main+0x1d5) [0x7f0ada8d5175]
/afs/ece/support/xilinx/xilinx.release/Vivado/lib/lnx64.o/librdi_common.so(+0x659c89) [0x7f0adf8f6c89]
/lib64/libpthread.so.0(+0x7dc5) [0x7f0ade2a1dc5]
/lib64/libc.so.6(clone+0x6d) [0x7f0ade8ae1cd]
