#
# An unexpected error has occurred (6)
#
Stack:
/lib64/libc.so.6(+0x35650) [0x7fcf9b849650]
/lib64/libc.so.6(gsignal+0x37) [0x7fcf9b8495d7]
/lib64/libc.so.6(abort+0x148) [0x7fcf9b84acc8]
/afs/ece.cmu.edu/support/xilinx/xilinx.release/Vivado-2015.2/Vivado/2015.2/lib/lnx64.o/libstdc++.so.6(_ZN9__gnu_cxx27__verbose_terminate_handlerEv+0x155) [0x7fcf9be4aa95]
/afs/ece.cmu.edu/support/xilinx/xilinx.release/Vivado-2015.2/Vivado/2015.2/lib/lnx64.o/libstdc++.so.6(+0x5dc06) [0x7fcf9be48c06]
/afs/ece.cmu.edu/support/xilinx/xilinx.release/Vivado-2015.2/Vivado/2015.2/lib/lnx64.o/libstdc++.so.6(+0x5dc33) [0x7fcf9be48c33]
/afs/ece.cmu.edu/support/xilinx/xilinx.release/Vivado-2015.2/Vivado/2015.2/lib/lnx64.o/libstdc++.so.6(__cxa_rethrow+0x46) [0x7fcf9be48ea6]
/afs/ece.cmu.edu/support/xilinx/xilinx.release/Vivado-2015.2/Vivado/2015.2/lib/lnx64.o/libstdc++.so.6(_ZNSo5writeEPKcl+0x135) [0x7fcf9be7e435]
/afs/ece.cmu.edu/support/xilinx/xilinx.release/Vivado-2015.2/Vivado/2015.2/lib/lnx64.o/librdi_simbridge_kernel.so(SimBridge::WdbFileBlockManager::addBlock(char const*, unsigned long long)+0x4a) [0x7fcf6abf548a]
/afs/ece.cmu.edu/support/xilinx/xilinx.release/Vivado-2015.2/Vivado/2015.2/lib/lnx64.o/librdi_simbridge_kernel.so(SimBridge::WdbEventBlock::addBlock(SimBridge::WdbIBlockManager&, unsigned int&) const+0xec) [0x7fcf6abfa0bc]
/afs/ece.cmu.edu/support/xilinx/xilinx.release/Vivado-2015.2/Vivado/2015.2/lib/lnx64.o/librdi_simbridge_kernel.so(SimBridge::WdbAppendingBlockList<SimBridge::WdbEventBlock, 100>::closeRecord()+0x3f) [0x7fcf6ac086bf]
/afs/ece.cmu.edu/support/xilinx/xilinx.release/Vivado-2015.2/Vivado/2015.2/lib/lnx64.o/librdi_simbridge_kernel.so(SimBridge::WdbMultipleBucketEventDatabase::saveEvent(SimBridge::WdbAppendingBlockList<SimBridge::WdbEventBlock, 100>*, long long, long long, unsigned int, unsigned char const*)+0x7f) [0x7fcf6ac06daf]
/afs/ece.cmu.edu/support/xilinx/xilinx.release/Vivado-2015.2/Vivado/2015.2/lib/lnx64.o/librdi_simbridge_kernel.so(SimBridge::WdbMultipleBucketEventDatabase::writeEvent(long long, long long, unsigned int, unsigned char const*)+0xdd) [0x7fcf6ac06f0d]
/afs/ece.cmu.edu/support/xilinx/xilinx.release/Vivado-2015.2/Vivado/2015.2/lib/lnx64.o/librdi_simbridge_kernel.so(SimBridge::WdbSharedMemReader::runReadThread(SimBridge::WdbIEventBlockDatabase*)+0xa7) [0x7fcf6ac0ca27]
/afs/ece.cmu.edu/support/xilinx/xilinx.release/Vivado-2015.2/Vivado/2015.2/lib/lnx64.o/libboost_thread.so(+0x10b6a) [0x7fcf99b32b6a]
/lib64/libpthread.so.0(+0x7df5) [0x7fcf9b2fddf5]
/lib64/libc.so.6(clone+0x6d) [0x7fcf9b90a1ad]
