#-----------------------------------------------------------
# Vivado v2015.2 (64-bit)
# SW Build 1266856 on Fri Jun 26 16:35:25 MDT 2015
# IP Build 1264090 on Wed Jun 24 14:22:01 MDT 2015
# Start of session at: Mon Sep 28 16:51:59 2015
# Process ID: 1458
# Log file: /afs/ece.cmu.edu/usr/mwuebben/Private/545/Atari7800/memory/vivado.log
# Journal file: /afs/ece.cmu.edu/usr/mwuebben/Private/545/Atari7800/memory/vivado.jou
#-----------------------------------------------------------
start_gui
create_project mem_project /afs/ece.cmu.edu/usr/mwuebben/Private/545/Atari7800/memory/mem_project -part xc7z020clg484-1
INFO: [IP_Flow 19-234] Refreshing IP repositories
INFO: [IP_Flow 19-1704] No user IP repositories specified
INFO: [IP_Flow 19-2313] Loaded Vivado IP repository '/afs/ece/support/xilinx/xilinx.release/Vivado/data/ip'.
set_property board_part em.avnet.com:zed:part0:1.3 [current_project]
add_files -norecurse /afs/ece.cmu.edu/usr/mwuebben/Private/545/Atari7800/memory/mem.sv
update_compile_order -fileset sources_1
update_compile_order -fileset sim_1
exit
INFO: [Common 17-206] Exiting Vivado at Mon Sep 28 17:19:26 2015...
