#-----------------------------------------------------------
# Vivado v2015.2 (64-bit)
# SW Build 1266856 on Fri Jun 26 16:35:25 MDT 2015
# IP Build 1264090 on Wed Jun 24 14:22:01 MDT 2015
# Start of session at: Mon Sep 28 17:38:23 2015
# Process ID: 4486
# Log file: /afs/ece.cmu.edu/usr/mwuebben/Private/545/Atari7800/memory/vivado.log
# Journal file: /afs/ece.cmu.edu/usr/mwuebben/Private/545/Atari7800/memory/vivado.jou
#-----------------------------------------------------------
start_gui
open_project /afs/ece.cmu.edu/usr/mwuebben/Private/545/Atari7800/memory/mem_project/mem_project.xpr
Scanning sources...
Finished scanning sources
INFO: [IP_Flow 19-234] Refreshing IP repositories
INFO: [IP_Flow 19-1704] No user IP repositories specified
INFO: [IP_Flow 19-2313] Loaded Vivado IP repository '/afs/ece/support/xilinx/xilinx.release/Vivado/data/ip'.
launch_simulation
INFO: [USF-XSim-27] Simulation object is 'sim_1'
INFO: [USF-XSim-37] Inspecting design source files for 'tb' in fileset 'sim_1'...
INFO: [USF-XSim-97] Finding global include files...
INFO: [USF-XSim-98] Fetching design files from 'sim_1'...
INFO: [USF-XSim-2] XSim::Compile design
INFO: [USF-XSim-61] Executing 'COMPILE' step in '/afs/ece.cmu.edu/usr/mwuebben/Private/545/Atari7800/memory/mem_project/mem_project.sim/sim_1/behav'
xvlog -m64 --relax -prj tb_vlog.prj
INFO: [VRFC 10-2263] Analyzing SystemVerilog file "/afs/ece.cmu.edu/usr/mwuebben/Private/545/Atari7800/memory/mem.sv" into library xil_defaultlib
INFO: [VRFC 10-311] analyzing module tb
INFO: [VRFC 10-311] analyzing module mem_2k
INFO: [VRFC 10-2263] Analyzing Verilog file "/afs/ece.cmu.edu/usr/mwuebben/Private/545/Atari7800/memory/mem_project/mem_project.sim/sim_1/behav/glbl.v" into library xil_defaultlib
INFO: [VRFC 10-311] analyzing module glbl
INFO: [USF-XSim-3] XSim::Elaborate design
INFO: [USF-XSim-61] Executing 'ELABORATE' step in '/afs/ece.cmu.edu/usr/mwuebben/Private/545/Atari7800/memory/mem_project/mem_project.sim/sim_1/behav'
Vivado Simulator 2015.2
Copyright 1986-1999, 2001-2015 Xilinx, Inc. All Rights Reserved.
Running: /afs/ece/support/xilinx/xilinx.release/Vivado/bin/unwrapped/lnx64.o/xelab -wto 64c1b58ca0704098a6bd6199c6524118 --debug typical --relax --mt 8 -L xil_defaultlib -L unisims_ver -L unimacro_ver -L secureip --snapshot tb_behav xil_defaultlib.tb xil_defaultlib.glbl -log elaborate.log 
Using 8 slave threads.
Starting static elaboration
ERROR: [VRFC 10-426] cannot find port addrW on this module [/afs/ece.cmu.edu/usr/mwuebben/Private/545/Atari7800/memory/mem.sv:6]
ERROR: [VRFC 10-426] cannot find port addrR on this module [/afs/ece.cmu.edu/usr/mwuebben/Private/545/Atari7800/memory/mem.sv:7]
ERROR: [VRFC 10-426] cannot find port Din on this module [/afs/ece.cmu.edu/usr/mwuebben/Private/545/Atari7800/memory/mem.sv:8]
ERROR: [VRFC 10-426] cannot find port clk on this module [/afs/ece.cmu.edu/usr/mwuebben/Private/545/Atari7800/memory/mem.sv:9]
ERROR: [VRFC 10-426] cannot find port we on this module [/afs/ece.cmu.edu/usr/mwuebben/Private/545/Atari7800/memory/mem.sv:10]
ERROR: [VRFC 10-426] cannot find port enR on this module [/afs/ece.cmu.edu/usr/mwuebben/Private/545/Atari7800/memory/mem.sv:11]
ERROR: [VRFC 10-426] cannot find port rstb on this module [/afs/ece.cmu.edu/usr/mwuebben/Private/545/Atari7800/memory/mem.sv:12]
ERROR: [VRFC 10-426] cannot find port regceb on this module [/afs/ece.cmu.edu/usr/mwuebben/Private/545/Atari7800/memory/mem.sv:13]
ERROR: [VRFC 10-426] cannot find port Dout on this module [/afs/ece.cmu.edu/usr/mwuebben/Private/545/Atari7800/memory/mem.sv:14]
ERROR: [XSIM 43-3322] Static elaboration of top level Verilog design unit(s) in library work failed.
INFO: [USF-XSim-99] Step results log file:'/afs/ece.cmu.edu/usr/mwuebben/Private/545/Atari7800/memory/mem_project/mem_project.sim/sim_1/behav/elaborate.log'
ERROR: [USF-XSim-62] 'elaborate' step failed with error(s). Please check the Tcl console output or '/afs/ece.cmu.edu/usr/mwuebben/Private/545/Atari7800/memory/mem_project/mem_project.sim/sim_1/behav/elaborate.log' file for more information.
launch_simulation
INFO: [USF-XSim-27] Simulation object is 'sim_1'
INFO: [USF-XSim-37] Inspecting design source files for 'tb' in fileset 'sim_1'...
INFO: [USF-XSim-97] Finding global include files...
INFO: [USF-XSim-98] Fetching design files from 'sim_1'...
INFO: [USF-XSim-2] XSim::Compile design
INFO: [USF-XSim-61] Executing 'COMPILE' step in '/afs/ece.cmu.edu/usr/mwuebben/Private/545/Atari7800/memory/mem_project/mem_project.sim/sim_1/behav'
xvlog -m64 --relax -prj tb_vlog.prj
INFO: [VRFC 10-2263] Analyzing SystemVerilog file "/afs/ece.cmu.edu/usr/mwuebben/Private/545/Atari7800/memory/mem.sv" into library xil_defaultlib
INFO: [VRFC 10-311] analyzing module tb
INFO: [VRFC 10-311] analyzing module mem_2k
ERROR: [VRFC 10-1241] port addrW is not defined [/afs/ece.cmu.edu/usr/mwuebben/Private/545/Atari7800/memory/mem.sv:32]
ERROR: [VRFC 10-1241] port addrR is not defined [/afs/ece.cmu.edu/usr/mwuebben/Private/545/Atari7800/memory/mem.sv:33]
ERROR: [VRFC 10-1241] port Din is not defined [/afs/ece.cmu.edu/usr/mwuebben/Private/545/Atari7800/memory/mem.sv:34]
ERROR: [VRFC 10-1241] port clk is not defined [/afs/ece.cmu.edu/usr/mwuebben/Private/545/Atari7800/memory/mem.sv:35]
ERROR: [VRFC 10-1241] port we is not defined [/afs/ece.cmu.edu/usr/mwuebben/Private/545/Atari7800/memory/mem.sv:36]
ERROR: [VRFC 10-1241] port enR is not defined [/afs/ece.cmu.edu/usr/mwuebben/Private/545/Atari7800/memory/mem.sv:37]
ERROR: [VRFC 10-1241] port rstb is not defined [/afs/ece.cmu.edu/usr/mwuebben/Private/545/Atari7800/memory/mem.sv:38]
ERROR: [VRFC 10-1241] port regceb is not defined [/afs/ece.cmu.edu/usr/mwuebben/Private/545/Atari7800/memory/mem.sv:39]
ERROR: [VRFC 10-1241] port Dout is not defined [/afs/ece.cmu.edu/usr/mwuebben/Private/545/Atari7800/memory/mem.sv:40]
ERROR: [VRFC 10-1040] module mem_2k ignored due to previous errors [/afs/ece.cmu.edu/usr/mwuebben/Private/545/Atari7800/memory/mem.sv:20]
INFO: [USF-XSim-99] Step results log file:'/afs/ece.cmu.edu/usr/mwuebben/Private/545/Atari7800/memory/mem_project/mem_project.sim/sim_1/behav/xvlog.log'
ERROR: [USF-XSim-62] 'compile' step failed with error(s). Please check the Tcl console output or '/afs/ece.cmu.edu/usr/mwuebben/Private/545/Atari7800/memory/mem_project/mem_project.sim/sim_1/behav/xvlog.log' file for more information.
exit
INFO: [Common 17-206] Exiting Vivado at Mon Sep 28 17:44:44 2015...
