#
# An unexpected error has occurred (11)
#
Stack:
/afs/ece/support/xilinx/xilinx.release/Vivado/tps/lnx64/jre/lib/amd64/server/libjvm.so(+0x8e58a9) [0x7f52e59ef8a9]
/afs/ece/support/xilinx/xilinx.release/Vivado/tps/lnx64/jre/lib/amd64/server/libjvm.so(JVM_handle_linux_signal+0xb6) [0x7f52e59f54f6]
/afs/ece/support/xilinx/xilinx.release/Vivado/tps/lnx64/jre/lib/amd64/server/libjvm.so(+0x8e2523) [0x7f52e59ec523]
/lib64/libc.so.6(+0x35650) [0x7f531bc8c650]
/afs/ece/support/xilinx/xilinx.release/Vivado/lib/lnx64.o/librdi_runsbase.so(HAXPExpRunStep::getFlowStep() const+0) [0x7f52f5c8a970]
/afs/ece/support/xilinx/xilinx.release/Vivado/lib/lnx64.o/librdi_runs.so(HAXFVDIDataMgr::scriptPreCmds_(HAXPExpRunBase*, std::string&, std::string&, std::string&)+0x5f2) [0x7f52f6036132]
/afs/ece/support/xilinx/xilinx.release/Vivado/lib/lnx64.o/librdi_runsbase.so(HAXPScriptWriter::writePreCmds()+0x58) [0x7f52f5c982e8]
/afs/ece/support/xilinx/xilinx.release/Vivado/lib/lnx64.o/librdi_runsbase.so(HAXPScriptWriter::writeScript()+0x33) [0x7f52f5c9b9f3]
/afs/ece/support/xilinx/xilinx.release/Vivado/lib/lnx64.o/librdi_runs.so(HAXPLaunchMgr::writeRunFromFloorplan(HAXPExpRun*, HFLFloorplan*, HSTVector<std::pair<HAXPExpRun*, std::string>, std::allocator<std::pair<HAXPExpRun*, std::string> > >&, HDGUIStatus&)+0xd4) [0x7f52f5f8ccb4]
/afs/ece/support/xilinx/xilinx.release/Vivado/lib/lnx64.o/librdi_project.so(HAPRRunDaemonLauncher::openDesignAndWriteRun_(HAPRDesignSpec const&, HAXPExpRun*, HSTVector<std::pair<HAXPExpRun*, std::string>, std::allocator<std::pair<HAXPExpRun*, std::string> > >&, HDGUIStatus&)+0x39c) [0x7f52f7509cbc]
/afs/ece/support/xilinx/xilinx.release/Vivado/lib/lnx64.o/librdi_project.so(HAPRRunDaemonLauncher::exportRunForSpec_(HAXPExpRun*, HSTVector<std::pair<HAXPExpRun*, std::string>, std::allocator<std::pair<HAXPExpRun*, std::string> > >&, HDGUIStatus&)+0x9f) [0x7f52f750a4bf]
/afs/ece/support/xilinx/xilinx.release/Vivado/lib/lnx64.o/librdi_project.so(HAPRRunDaemonLauncher::launch(HAXPLaunchOptions*, HSTVector<std::pair<HAXPExpRun*, std::string>, std::allocator<std::pair<HAXPExpRun*, std::string> > >&, HDGUIStatus&)+0x372) [0x7f52f750aff2]
/afs/ece/support/xilinx/xilinx.release/Vivado/lib/lnx64.o/librdi_tcltasks.so(+0x127024e) [0x7f52e9dd224e]
/afs/ece/support/xilinx/xilinx.release/Vivado/lib/lnx64.o/librdi_common.so(+0x62104f) [0x7f531cd5d04f]
/afs/ece/support/xilinx/xilinx.release/Vivado/lib/lnx64.o/libtcl8.5.so(+0x331f5) [0x7f5317d071f5]
/afs/ece/support/xilinx/xilinx.release/Vivado/lib/lnx64.o/libtcl8.5.so(+0x76bbe) [0x7f5317d4abbe]
/afs/ece/support/xilinx/xilinx.release/Vivado/lib/lnx64.o/libtcl8.5.so(+0x7e767) [0x7f5317d52767]
/afs/ece/support/xilinx/xilinx.release/Vivado/lib/lnx64.o/libtcl8.5.so(TclEvalObjEx+0x77) [0x7f5317d09327]
/afs/ece/support/xilinx/xilinx.release/Vivado/lib/lnx64.o/librdi_common.so(+0x620952) [0x7f531cd5c952]
/afs/ece/support/xilinx/xilinx.release/Vivado/lib/lnx64.o/libtcl8.5.so(Tcl_ServiceEvent+0x87) [0x7f5317d7bb37]
/afs/ece/support/xilinx/xilinx.release/Vivado/lib/lnx64.o/libtcl8.5.so(Tcl_DoOneEvent+0x129) [0x7f5317d7be69]
/afs/ece/support/xilinx/xilinx.release/Vivado/lib/lnx64.o/librdi_commontasks.so(+0x307205) [0x7f530d972205]
/afs/ece/support/xilinx/xilinx.release/Vivado/lib/lnx64.o/librdi_commontasks.so(+0x30e8cb) [0x7f530d9798cb]
/afs/ece/support/xilinx/xilinx.release/Vivado/lib/lnx64.o/librdi_commontasks.so(+0x3078e3) [0x7f530d9728e3]
/afs/ece/support/xilinx/xilinx.release/Vivado/lib/lnx64.o/librdi_common.so(+0x62104f) [0x7f531cd5d04f]
/afs/ece/support/xilinx/xilinx.release/Vivado/lib/lnx64.o/libtcl8.5.so(+0x331f5) [0x7f5317d071f5]
/afs/ece/support/xilinx/xilinx.release/Vivado/lib/lnx64.o/libtcl8.5.so(+0x76bbe) [0x7f5317d4abbe]
/afs/ece/support/xilinx/xilinx.release/Vivado/lib/lnx64.o/libtcl8.5.so(+0x7e767) [0x7f5317d52767]
/afs/ece/support/xilinx/xilinx.release/Vivado/lib/lnx64.o/libtcl8.5.so(TclEvalObjEx+0x77) [0x7f5317d09327]
/afs/ece/support/xilinx/xilinx.release/Vivado/lib/lnx64.o/librdi_commonmain.so(+0x7110) [0x7f531c537110]
/afs/ece/support/xilinx/xilinx.release/Vivado/lib/lnx64.o/libtcl8.5.so(Tcl_Main+0x1d5) [0x7f5317d74175]
/afs/ece/support/xilinx/xilinx.release/Vivado/lib/lnx64.o/librdi_common.so(+0x659c89) [0x7f531cd95c89]
/lib64/libpthread.so.0(+0x7df5) [0x7f531b740df5]
/lib64/libc.so.6(clone+0x6d) [0x7f531bd4d1ad]
