Copyright 1986-2015 Xilinx, Inc. All Rights Reserved.
----------------------------------------------------------------------------------------------------------------
| Tool Version      : Vivado v.2015.2 (lin64) Build 1266856 Fri Jun 26 16:35:25 MDT 2015
| Date              : Thu Oct 15 19:32:05 2015
| Host              : cascade.andrew.cmu.edu running 64-bit Red Hat Enterprise Linux Server release 7.1 (Maipo)
| Command           : report_clock_utilization -file Atari7800_clock_utilization_routed.rpt
| Design            : Atari7800
| Device            : 7z020-clg484
| Speed File        : -1  PRODUCTION 1.11 2014-09-11
| Temperature Grade : C
----------------------------------------------------------------------------------------------------------------

Clock Utilization Report

Table of Contents
-----------------
1. Clock Primitive Utilization
2. Details of Global Clocks
3. Details of Regional Clocks
4. Details of Multi-Regional Clocks
5. Details of I/O Clocks
6. Details of Local Clocks
7. Clock Regions : Key Resource Utilization
8. Net wise resources used in clock region X0Y0

1. Clock Primitive Utilization
------------------------------

+-------+------+-----------+-----------+
| Type  | Used | Available | Num Fixed |
+-------+------+-----------+-----------+
| BUFG  |    2 |        32 |         0 |
| BUFH  |    0 |        72 |         0 |
| BUFIO |    0 |        16 |         0 |
| MMCM  |    0 |         4 |         0 |
| PLL   |    1 |         4 |         0 |
| BUFR  |    0 |        16 |         0 |
| BUFMR |    0 |         8 |         0 |
+-------+------+-----------+-----------+


2. Details of Global Clocks
---------------------------

+-------+--------------------------+-----------------------------------------+--------------+-------+
|       |                          |                                         |   Num Loads  |       |
+-------+--------------------------+-----------------------------------------+------+-------+-------+
| Index | BUFG Cell                | Net Name                                | BELs | Sites | Fixed |
+-------+--------------------------+-----------------------------------------+------+-------+-------+
|     1 | divider/inst/clkf_buf    | divider/inst/clkfbout_buf_clock_divider |    1 |     1 |    no |
|     2 | divider/inst/clkout2_buf | divider/inst/CLOCK_25                   |   20 |     8 |    no |
+-------+--------------------------+-----------------------------------------+------+-------+-------+


+-------+-----------------------------+-------------------------------------+--------------+-------+
|       |                             |                                     |   Num Loads  |       |
+-------+-----------------------------+-------------------------------------+------+-------+-------+
| Index | PLL Cell                    | Net Name                            | BELs | Sites | Fixed |
+-------+-----------------------------+-------------------------------------+------+-------+-------+
|     1 | divider/inst/plle2_adv_inst | divider/inst/CLOCK_25_clock_divider |    1 |     1 |    no |
|     2 | divider/inst/plle2_adv_inst | divider/inst/clkfbout_clock_divider |    1 |     1 |    no |
+-------+-----------------------------+-------------------------------------+------+-------+-------+


3. Details of Regional Clocks
-----------------------------

4. Details of Multi-Regional Clocks
-----------------------------------

5. Details of I/O Clocks
------------------------

6. Details of Local Clocks
--------------------------

7. Clock Regions : Key Resource Utilization
-------------------------------------------

+-------------------+--------------+--------------+--------------+--------------+--------------+--------------+--------------+--------------+--------------+--------------+--------------+--------------+--------------+--------------+--------------+
|                   | Global Clock |     BUFRs    |    BUFMRs    |    BUFIOs    |     MMCM     |      PLL     |      GT      |      PCI     |    ILOGIC    |    OLOGIC    |      FF      |     LUTM     |    RAMB18    |    RAMB36    |    DSP48E1   |
+-------------------+------+-------+------+-------+------+-------+------+-------+------+-------+------+-------+------+-------+------+-------+------+-------+------+-------+------+-------+------+-------+------+-------+------+-------+------+-------+
| Clock Region Name | Used | Avail | Used | Avail | Used | Avail | Used | Avail | Used | Avail | Used | Avail | Used | Avail | Used | Avail | Used | Avail | Used | Avail | Used | Avail | Used | Avail | Used | Avail | Used | Avail | Used | Avail |
+-------------------+------+-------+------+-------+------+-------+------+-------+------+-------+------+-------+------+-------+------+-------+------+-------+------+-------+------+-------+------+-------+------+-------+------+-------+------+-------+
| X0Y0              |    2 |    12 |    0 |     4 |    0 |     2 |    0 |     4 |    0 |     1 |    1 |     1 |    0 |     0 |    0 |     0 |    0 |    50 |    0 |    50 |   20 | 20000 |    0 |  4000 |    0 |    60 |    0 |    30 |    0 |    60 |
| X1Y0              |    0 |    12 |    0 |     4 |    0 |     2 |    0 |     4 |    0 |     1 |    0 |     1 |    0 |     0 |    0 |     0 |    0 |    50 |    0 |    50 |    0 | 25600 |    0 |  3400 |    0 |    60 |    0 |    30 |    0 |    40 |
| X0Y1              |    0 |    12 |    0 |     0 |    0 |     0 |    0 |     0 |    0 |     0 |    0 |     0 |    0 |     0 |    0 |     0 |    0 |     0 |    0 |     0 |    0 |  9600 |    0 |  1600 |    0 |    20 |    0 |    10 |    0 |    20 |
| X1Y1              |    0 |    12 |    0 |     4 |    0 |     2 |    0 |     4 |    0 |     1 |    0 |     1 |    0 |     0 |    0 |     0 |    0 |    50 |    0 |    50 |    0 | 20800 |    0 |  3400 |    0 |    60 |    0 |    30 |    0 |    40 |
| X0Y2              |    0 |    12 |    0 |     0 |    0 |     0 |    0 |     0 |    0 |     0 |    0 |     0 |    0 |     0 |    0 |     0 |    0 |     0 |    0 |     0 |    0 |  9600 |    0 |  1600 |    0 |    20 |    0 |    10 |    0 |    20 |
| X1Y2              |    0 |    12 |    0 |     4 |    0 |     2 |    0 |     4 |    0 |     1 |    0 |     1 |    0 |     0 |    0 |     0 |    0 |    50 |    0 |    50 |    0 | 20800 |    0 |  3400 |    0 |    60 |    0 |    30 |    0 |    40 |
+-------------------+------+-------+------+-------+------+-------+------+-------+------+-------+------+-------+------+-------+------+-------+------+-------+------+-------+------+-------+------+-------+------+-------+------+-------+------+-------+
* RAMB36 site can be used as two RAMB18/FIFO18 sites.


8. Net wise resources used in clock region X0Y0
-----------------------------------------------

+-------------+-------------+-------+-----------+----------+---------+-----------+---------+---------+-----+-------+----------+-----------------------------------------+
| Source Type | BUFHCE Site | Fixed | MMCM Pins | PLL Pins | GT Pins | BRAM Pins | ILOGICs | OLOGICs | FFs | LUTMs | DSP48E1s |              Clock Net Name             |
+-------------+-------------+-------+-----------+----------+---------+-----------+---------+---------+-----+-------+----------+-----------------------------------------+
| BUFG        | BUFHCE_X0Y0 |   no  |         0 |        1 |       0 |         0 |       0 |       0 |   0 |     0 |        0 | divider/inst/clkfbout_buf_clock_divider |
| BUFG        | BUFHCE_X0Y8 |   no  |         0 |        0 |       0 |         0 |       0 |       0 |  20 |     0 |        0 | divider/inst/CLOCK_25                   |
+-------------+-------------+-------+-----------+----------+---------+-----------+---------+---------+-----+-------+----------+-----------------------------------------+



# Location of BUFG Primitives 
set_property LOC BUFGCTRL_X0Y0 [get_cells divider/inst/clkout2_buf]
set_property LOC BUFGCTRL_X0Y1 [get_cells divider/inst/clkf_buf]

# Location of IO Clock Primitives

# Location of MMCM Clock Primitives

# Location of BUFH Clock Primitives

# Location of BUFR Clock Primitives

# Location of BUFMR Clock Primitives

# Location of PLL Clock Primitives
set_property LOC PLLE2_ADV_X0Y0 [get_cells divider/inst/plle2_adv_inst]

# Location of IO Primitives which is load of clock spine

# Location of clock ports
set_property LOC IOB_X0Y28 [get_ports CLOCK_PLL]

# Clock net "divider/inst/CLOCK_25" driven by instance "divider/inst/clkout2_buf" located at site "BUFGCTRL_X0Y0"
#startgroup
create_pblock {CLKAG_divider/inst/CLOCK_25}
add_cells_to_pblock [get_pblocks  {CLKAG_divider/inst/CLOCK_25}] [get_cells -filter { PRIMITIVE_GROUP != I/O && IS_PRIMITIVE==1 && PRIMITIVE_LEVEL !=INTERNAL } -of_object [get_pins -filter {DIRECTION==IN} -of_objects [get_nets -hierarchical -filter {PARENT=="divider/inst/CLOCK_25"}]]]
resize_pblock [get_pblocks {CLKAG_divider/inst/CLOCK_25}] -add {CLOCKREGION_X0Y0:CLOCKREGION_X0Y0}
#endgroup
