Parsing design file '/afs/ece.cmu.edu/support/xilinx/xilinx.release/Vivado-2015.2/Vivado/2015.2/data/verilog/src/unisims/AND2B1L.v'
Parsing design file '/afs/ece.cmu.edu/support/xilinx/xilinx.release/Vivado-2015.2/Vivado/2015.2/data/verilog/src/unisims/BIBUF.v'
Parsing design file '/afs/ece.cmu.edu/support/xilinx/xilinx.release/Vivado-2015.2/Vivado/2015.2/data/verilog/src/unisims/BSCANE2.v'
Parsing design file '/afs/ece.cmu.edu/support/xilinx/xilinx.release/Vivado-2015.2/Vivado/2015.2/data/verilog/src/unisims/BUFGCE.v'
Parsing design file '/afs/ece.cmu.edu/support/xilinx/xilinx.release/Vivado-2015.2/Vivado/2015.2/data/verilog/src/unisims/BUFGCTRL.v'
Parsing design file '/afs/ece.cmu.edu/support/xilinx/xilinx.release/Vivado-2015.2/Vivado/2015.2/data/verilog/src/unisims/BUFIO.v'
Parsing design file '/afs/ece.cmu.edu/support/xilinx/xilinx.release/Vivado-2015.2/Vivado/2015.2/data/verilog/src/unisims/CAPTUREE2.v'
Parsing design file '/afs/ece.cmu.edu/support/xilinx/xilinx.release/Vivado-2015.2/Vivado/2015.2/data/verilog/src/unisims/DCM_ADV.v'
Parsing design file '/afs/ece.cmu.edu/support/xilinx/xilinx.release/Vivado-2015.2/Vivado/2015.2/data/verilog/src/unisims/DIFFINBUF.v'
Parsing design file '/afs/ece.cmu.edu/support/xilinx/xilinx.release/Vivado-2015.2/Vivado/2015.2/data/verilog/src/unisims/DNA_PORTE2.v'
Parsing design file '/afs/ece.cmu.edu/support/xilinx/xilinx.release/Vivado-2015.2/Vivado/2015.2/data/verilog/src/unisims/DSP_A_B_DATA.v'
Parsing design file '/afs/ece.cmu.edu/support/xilinx/xilinx.release/Vivado-2015.2/Vivado/2015.2/data/verilog/src/unisims/EFUSE_USR.v'
Parsing design file '/afs/ece.cmu.edu/support/xilinx/xilinx.release/Vivado-2015.2/Vivado/2015.2/data/verilog/src/unisims/FIFO36E1.v'
Parsing design file '/afs/ece.cmu.edu/support/xilinx/xilinx.release/Vivado-2015.2/Vivado/2015.2/data/verilog/src/unisims/FIFO36E2.v'
Parsing design file '/afs/ece.cmu.edu/support/xilinx/xilinx.release/Vivado-2015.2/Vivado/2015.2/data/verilog/src/unisims/FRAME_ECCE2.v'
Parsing design file '/afs/ece.cmu.edu/support/xilinx/xilinx.release/Vivado-2015.2/Vivado/2015.2/data/verilog/src/unisims/FRAME_ECCE3.v'
Parsing design file '/afs/ece.cmu.edu/support/xilinx/xilinx.release/Vivado-2015.2/Vivado/2015.2/data/verilog/src/unisims/GTHE3_CHANNEL.v'
Parsing design file '/afs/ece.cmu.edu/support/xilinx/xilinx.release/Vivado-2015.2/Vivado/2015.2/data/verilog/src/unisims/IBUFDS_DIFF_OUT.v'
Parsing design file '/afs/ece.cmu.edu/support/xilinx/xilinx.release/Vivado-2015.2/Vivado/2015.2/data/verilog/src/unisims/IBUFDS_DIFF_OUT_IBUFDISABLE.v'
Parsing design file '/afs/ece.cmu.edu/support/xilinx/xilinx.release/Vivado-2015.2/Vivado/2015.2/data/verilog/src/unisims/IBUFDS_IBUFDISABLE_INT.v'
Parsing design file '/afs/ece.cmu.edu/support/xilinx/xilinx.release/Vivado-2015.2/Vivado/2015.2/data/verilog/src/unisims/IBUF_INTERMDISABLE.v'
Parsing design file '/afs/ece.cmu.edu/support/xilinx/xilinx.release/Vivado-2015.2/Vivado/2015.2/data/verilog/src/unisims/INV.v'
Parsing design file '/afs/ece.cmu.edu/support/xilinx/xilinx.release/Vivado-2015.2/Vivado/2015.2/data/verilog/src/unisims/IOBUFDS_DCIEN.v'
Parsing design file '/afs/ece.cmu.edu/support/xilinx/xilinx.release/Vivado-2015.2/Vivado/2015.2/data/verilog/src/unisims/IOBUFDS_DIFF_OUT_INTERMDISABLE.v'
Parsing design file '/afs/ece.cmu.edu/support/xilinx/xilinx.release/Vivado-2015.2/Vivado/2015.2/data/verilog/src/unisims/IOBUFDS_INTERMDISABLE.v'
Parsing design file '/afs/ece.cmu.edu/support/xilinx/xilinx.release/Vivado-2015.2/Vivado/2015.2/data/verilog/src/unisims/JTAG_SIME2.v'
Parsing design file '/afs/ece.cmu.edu/support/xilinx/xilinx.release/Vivado-2015.2/Vivado/2015.2/data/verilog/src/unisims/LDCE.v'
Parsing design file '/afs/ece.cmu.edu/support/xilinx/xilinx.release/Vivado-2015.2/Vivado/2015.2/data/verilog/src/unisims/OBUFDS.v'
Parsing design file '/afs/ece.cmu.edu/support/xilinx/xilinx.release/Vivado-2015.2/Vivado/2015.2/data/verilog/src/unisims/OBUFTDS.v'
Parsing design file '/afs/ece.cmu.edu/support/xilinx/xilinx.release/Vivado-2015.2/Vivado/2015.2/data/verilog/src/unisims/ODELAYE2.v'
Parsing design file '/afs/ece.cmu.edu/support/xilinx/xilinx.release/Vivado-2015.2/Vivado/2015.2/data/verilog/src/unisims/ODELAYE2_FINEDELAY.v'
Parsing design file '/afs/ece.cmu.edu/support/xilinx/xilinx.release/Vivado-2015.2/Vivado/2015.2/data/verilog/src/unisims/ODELAYE3.v'
Parsing design file '/afs/ece.cmu.edu/support/xilinx/xilinx.release/Vivado-2015.2/Vivado/2015.2/data/verilog/src/unisims/OSERDES.v'
Parsing design file '/afs/ece.cmu.edu/support/xilinx/xilinx.release/Vivado-2015.2/Vivado/2015.2/data/verilog/src/unisims/PHASER_OUT_PHY.v'
Parsing design file '/afs/ece.cmu.edu/support/xilinx/xilinx.release/Vivado-2015.2/Vivado/2015.2/data/verilog/src/unisims/RAM256X1D.v'
Parsing design file '/afs/ece.cmu.edu/support/xilinx/xilinx.release/Vivado-2015.2/Vivado/2015.2/data/verilog/src/unisims/RAM256X1S.v'
Parsing design file '/afs/ece.cmu.edu/support/xilinx/xilinx.release/Vivado-2015.2/Vivado/2015.2/data/verilog/src/unisims/RAMS64E1.v'
Parsing design file '/afs/ece.cmu.edu/support/xilinx/xilinx.release/Vivado-2015.2/Vivado/2015.2/data/verilog/src/unisims/STARTUPE2.v'
Parsing design file '/afs/ece.cmu.edu/support/xilinx/xilinx.release/Vivado-2015.2/Vivado/2015.2/data/verilog/src/unisims/STARTUPE3.v'
Parsing design file '/afs/ece.cmu.edu/support/xilinx/xilinx.release/Vivado-2015.2/Vivado/2015.2/data/verilog/src/unisims/USR_ACCESSE2.v'
Parsing design file '/afs/ece.cmu.edu/support/xilinx/xilinx.release/Vivado-2015.2/Vivado/2015.2/data/verilog/src/unisims/BUF.v'
Parsing design file '/afs/ece.cmu.edu/support/xilinx/xilinx.release/Vivado-2015.2/Vivado/2015.2/data/verilog/src/unisims/BUFCE_LEAF.v'
Parsing design file '/afs/ece.cmu.edu/support/xilinx/xilinx.release/Vivado-2015.2/Vivado/2015.2/data/verilog/src/unisims/BUFG.v'
Parsing design file '/afs/ece.cmu.edu/support/xilinx/xilinx.release/Vivado-2015.2/Vivado/2015.2/data/verilog/src/unisims/BUFGP.v'
Parsing design file '/afs/ece.cmu.edu/support/xilinx/xilinx.release/Vivado-2015.2/Vivado/2015.2/data/verilog/src/unisims/BUFG_GT.v'
Parsing design file '/afs/ece.cmu.edu/support/xilinx/xilinx.release/Vivado-2015.2/Vivado/2015.2/data/verilog/src/unisims/BUFH.v'
Parsing design file '/afs/ece.cmu.edu/support/xilinx/xilinx.release/Vivado-2015.2/Vivado/2015.2/data/verilog/src/unisims/BUFMR.v'
Parsing design file '/afs/ece.cmu.edu/support/xilinx/xilinx.release/Vivado-2015.2/Vivado/2015.2/data/verilog/src/unisims/BUFMRCE.v'
Parsing design file '/afs/ece.cmu.edu/support/xilinx/xilinx.release/Vivado-2015.2/Vivado/2015.2/data/verilog/src/unisims/DCM_SP.v'
Parsing design file '/afs/ece.cmu.edu/support/xilinx/xilinx.release/Vivado-2015.2/Vivado/2015.2/data/verilog/src/unisims/DNA_PORT.v'
Parsing design file '/afs/ece.cmu.edu/support/xilinx/xilinx.release/Vivado-2015.2/Vivado/2015.2/data/verilog/src/unisims/DSP_M_DATA.v'
Parsing design file '/afs/ece.cmu.edu/support/xilinx/xilinx.release/Vivado-2015.2/Vivado/2015.2/data/verilog/src/unisims/FDCE.v'
Parsing design file '/afs/ece.cmu.edu/support/xilinx/xilinx.release/Vivado-2015.2/Vivado/2015.2/data/verilog/src/unisims/FDRE.v'
Parsing design file '/afs/ece.cmu.edu/support/xilinx/xilinx.release/Vivado-2015.2/Vivado/2015.2/data/verilog/src/unisims/GTHE2_CHANNEL.v'
Parsing design file '/afs/ece.cmu.edu/support/xilinx/xilinx.release/Vivado-2015.2/Vivado/2015.2/data/verilog/src/unisims/GTPE2_CHANNEL.v'
Parsing design file '/afs/ece.cmu.edu/support/xilinx/xilinx.release/Vivado-2015.2/Vivado/2015.2/data/verilog/src/unisims/GTXE2_COMMON.v'
Parsing design file '/afs/ece.cmu.edu/support/xilinx/xilinx.release/Vivado-2015.2/Vivado/2015.2/data/verilog/src/unisims/GTYE3_CHANNEL.v'
Parsing design file '/afs/ece.cmu.edu/support/xilinx/xilinx.release/Vivado-2015.2/Vivado/2015.2/data/verilog/src/unisims/HARD_SYNC.v'
Parsing design file '/afs/ece.cmu.edu/support/xilinx/xilinx.release/Vivado-2015.2/Vivado/2015.2/data/verilog/src/unisims/HPIO_VREF.v'
Parsing design file '/afs/ece.cmu.edu/support/xilinx/xilinx.release/Vivado-2015.2/Vivado/2015.2/data/verilog/src/unisims/IBUF.v'
Parsing design file '/afs/ece.cmu.edu/support/xilinx/xilinx.release/Vivado-2015.2/Vivado/2015.2/data/verilog/src/unisims/IBUFDSE3.v'
Parsing design file '/afs/ece.cmu.edu/support/xilinx/xilinx.release/Vivado-2015.2/Vivado/2015.2/data/verilog/src/unisims/IBUFDS_DIFF_OUT_INTERMDISABLE.v'
Parsing design file '/afs/ece.cmu.edu/support/xilinx/xilinx.release/Vivado-2015.2/Vivado/2015.2/data/verilog/src/unisims/IBUFDS_INTERMDISABLE_INT.v'
Parsing design file '/afs/ece.cmu.edu/support/xilinx/xilinx.release/Vivado-2015.2/Vivado/2015.2/data/verilog/src/unisims/IBUF_IBUFDISABLE.v'
Parsing design file '/afs/ece.cmu.edu/support/xilinx/xilinx.release/Vivado-2015.2/Vivado/2015.2/data/verilog/src/unisims/ICAPE2.v'
Parsing design file '/afs/ece.cmu.edu/support/xilinx/xilinx.release/Vivado-2015.2/Vivado/2015.2/data/verilog/src/unisims/ICAPE3.v'
Parsing design file '/afs/ece.cmu.edu/support/xilinx/xilinx.release/Vivado-2015.2/Vivado/2015.2/data/verilog/src/unisims/IDELAYE2.v'
Parsing design file '/afs/ece.cmu.edu/support/xilinx/xilinx.release/Vivado-2015.2/Vivado/2015.2/data/verilog/src/unisims/IDELAYE3.v'
Parsing design file '/afs/ece.cmu.edu/support/xilinx/xilinx.release/Vivado-2015.2/Vivado/2015.2/data/verilog/src/unisims/IOBUFDS.v'
Parsing design file '/afs/ece.cmu.edu/support/xilinx/xilinx.release/Vivado-2015.2/Vivado/2015.2/data/verilog/src/unisims/IOBUFE3.v'
Parsing design file '/afs/ece.cmu.edu/support/xilinx/xilinx.release/Vivado-2015.2/Vivado/2015.2/data/verilog/src/unisims/ISERDES.v'
Parsing design file '/afs/ece.cmu.edu/support/xilinx/xilinx.release/Vivado-2015.2/Vivado/2015.2/data/verilog/src/unisims/ISERDESE1.v'
Parsing design file '/afs/ece.cmu.edu/support/xilinx/xilinx.release/Vivado-2015.2/Vivado/2015.2/data/verilog/src/unisims/LDPE.v'
Parsing design file '/afs/ece.cmu.edu/support/xilinx/xilinx.release/Vivado-2015.2/Vivado/2015.2/data/verilog/src/unisims/LUT1.v'
Parsing design file '/afs/ece.cmu.edu/support/xilinx/xilinx.release/Vivado-2015.2/Vivado/2015.2/data/verilog/src/unisims/LUT2.v'
Parsing design file '/afs/ece.cmu.edu/support/xilinx/xilinx.release/Vivado-2015.2/Vivado/2015.2/data/verilog/src/unisims/LUT3.v'
Parsing design file '/afs/ece.cmu.edu/support/xilinx/xilinx.release/Vivado-2015.2/Vivado/2015.2/data/verilog/src/unisims/LUT4.v'
Parsing design file '/afs/ece.cmu.edu/support/xilinx/xilinx.release/Vivado-2015.2/Vivado/2015.2/data/verilog/src/unisims/LUT5.v'
Parsing design file '/afs/ece.cmu.edu/support/xilinx/xilinx.release/Vivado-2015.2/Vivado/2015.2/data/verilog/src/unisims/LUT6.v'
Parsing design file '/afs/ece.cmu.edu/support/xilinx/xilinx.release/Vivado-2015.2/Vivado/2015.2/data/verilog/src/unisims/LUT6_2.v'
Parsing design file '/afs/ece.cmu.edu/support/xilinx/xilinx.release/Vivado-2015.2/Vivado/2015.2/data/verilog/src/unisims/MMCME2_ADV.v'
Parsing design file '/afs/ece.cmu.edu/support/xilinx/xilinx.release/Vivado-2015.2/Vivado/2015.2/data/verilog/src/unisims/MUXF7.v'
Parsing design file '/afs/ece.cmu.edu/support/xilinx/xilinx.release/Vivado-2015.2/Vivado/2015.2/data/verilog/src/unisims/MUXF8.v'
Parsing design file '/afs/ece.cmu.edu/support/xilinx/xilinx.release/Vivado-2015.2/Vivado/2015.2/data/verilog/src/unisims/MUXF9.v'
Parsing design file '/afs/ece.cmu.edu/support/xilinx/xilinx.release/Vivado-2015.2/Vivado/2015.2/data/verilog/src/unisims/OBUFT.v'
Parsing design file '/afs/ece.cmu.edu/support/xilinx/xilinx.release/Vivado-2015.2/Vivado/2015.2/data/verilog/src/unisims/OBUFT_DCIEN.v'
Parsing design file '/afs/ece.cmu.edu/support/xilinx/xilinx.release/Vivado-2015.2/Vivado/2015.2/data/verilog/src/unisims/ODDRE1.v'
Parsing design file '/afs/ece.cmu.edu/support/xilinx/xilinx.release/Vivado-2015.2/Vivado/2015.2/data/verilog/src/unisims/OR2L.v'
Parsing design file '/afs/ece.cmu.edu/support/xilinx/xilinx.release/Vivado-2015.2/Vivado/2015.2/data/verilog/src/unisims/OUT_FIFO.v'
Parsing design file '/afs/ece.cmu.edu/support/xilinx/xilinx.release/Vivado-2015.2/Vivado/2015.2/data/verilog/src/unisims/PCIE_2_1.v'
Parsing design file '/afs/ece.cmu.edu/support/xilinx/xilinx.release/Vivado-2015.2/Vivado/2015.2/data/verilog/src/unisims/PHASER_IN_PHY.v'
Parsing design file '/afs/ece.cmu.edu/support/xilinx/xilinx.release/Vivado-2015.2/Vivado/2015.2/data/verilog/src/unisims/PHASER_OUT.v'
Parsing design file '/afs/ece.cmu.edu/support/xilinx/xilinx.release/Vivado-2015.2/Vivado/2015.2/data/verilog/src/unisims/PLLE3_BASE.v'
Parsing design file '/afs/ece.cmu.edu/support/xilinx/xilinx.release/Vivado-2015.2/Vivado/2015.2/data/verilog/src/unisims/PULLDOWN.v'
Parsing design file '/afs/ece.cmu.edu/support/xilinx/xilinx.release/Vivado-2015.2/Vivado/2015.2/data/verilog/src/unisims/PULLUP.v'
Parsing design file '/afs/ece.cmu.edu/support/xilinx/xilinx.release/Vivado-2015.2/Vivado/2015.2/data/verilog/src/unisims/RAM128X1D.v'
Parsing design file '/afs/ece.cmu.edu/support/xilinx/xilinx.release/Vivado-2015.2/Vivado/2015.2/data/verilog/src/unisims/RAM32M16.v'
Parsing design file '/afs/ece.cmu.edu/support/xilinx/xilinx.release/Vivado-2015.2/Vivado/2015.2/data/verilog/src/unisims/RAM512X1S.v'
Parsing design file '/afs/ece.cmu.edu/support/xilinx/xilinx.release/Vivado-2015.2/Vivado/2015.2/data/verilog/src/unisims/RAM64M.v'
Parsing design file '/afs/ece.cmu.edu/support/xilinx/xilinx.release/Vivado-2015.2/Vivado/2015.2/data/verilog/src/unisims/RAM64M8.v'
Parsing design file '/afs/ece.cmu.edu/support/xilinx/xilinx.release/Vivado-2015.2/Vivado/2015.2/data/verilog/src/unisims/RAM64X1S.v'
Parsing design file '/afs/ece.cmu.edu/support/xilinx/xilinx.release/Vivado-2015.2/Vivado/2015.2/data/verilog/src/unisims/RAMS32.v'
Parsing design file '/afs/ece.cmu.edu/support/xilinx/xilinx.release/Vivado-2015.2/Vivado/2015.2/data/verilog/src/unisims/RAMS64E.v'
Parsing design file '/afs/ece.cmu.edu/support/xilinx/xilinx.release/Vivado-2015.2/Vivado/2015.2/data/verilog/src/unisims/RIU_OR.v'
Parsing design file '/afs/ece.cmu.edu/support/xilinx/xilinx.release/Vivado-2015.2/Vivado/2015.2/data/verilog/src/unisims/RX_BITSLICE.v'
Parsing design file '/afs/ece.cmu.edu/support/xilinx/xilinx.release/Vivado-2015.2/Vivado/2015.2/data/verilog/src/unisims/VCC.v'
Parsing design file '/afs/ece.cmu.edu/support/xilinx/xilinx.release/Vivado-2015.2/Vivado/2015.2/data/verilog/src/unisims/XADC.v'
Parsing design file '/afs/ece.cmu.edu/support/xilinx/xilinx.release/Vivado-2015.2/Vivado/2015.2/data/verilog/src/unisims/AUTOBUF.v'
Parsing design file '/afs/ece.cmu.edu/support/xilinx/xilinx.release/Vivado-2015.2/Vivado/2015.2/data/verilog/src/unisims/BITSLICE_CONTROL.v'
Parsing design file '/afs/ece.cmu.edu/support/xilinx/xilinx.release/Vivado-2015.2/Vivado/2015.2/data/verilog/src/unisims/BUFCE_ROW.v'
Parsing design file '/afs/ece.cmu.edu/support/xilinx/xilinx.release/Vivado-2015.2/Vivado/2015.2/data/verilog/src/unisims/BUFGCE_DIV.v'
Parsing design file '/afs/ece.cmu.edu/support/xilinx/xilinx.release/Vivado-2015.2/Vivado/2015.2/data/verilog/src/unisims/BUFG_GT_SYNC.v'
Parsing design file '/afs/ece.cmu.edu/support/xilinx/xilinx.release/Vivado-2015.2/Vivado/2015.2/data/verilog/src/unisims/BUFHCE.v'
Parsing design file '/afs/ece.cmu.edu/support/xilinx/xilinx.release/Vivado-2015.2/Vivado/2015.2/data/verilog/src/unisims/BUFR.v'
Parsing design file '/afs/ece.cmu.edu/support/xilinx/xilinx.release/Vivado-2015.2/Vivado/2015.2/data/verilog/src/unisims/CARRY4.v'
Parsing design file '/afs/ece.cmu.edu/support/xilinx/xilinx.release/Vivado-2015.2/Vivado/2015.2/data/verilog/src/unisims/CARRY8.v'
Parsing design file '/afs/ece.cmu.edu/support/xilinx/xilinx.release/Vivado-2015.2/Vivado/2015.2/data/verilog/src/unisims/CFGLUT5.v'
Parsing design file '/afs/ece.cmu.edu/support/xilinx/xilinx.release/Vivado-2015.2/Vivado/2015.2/data/verilog/src/unisims/CMAC.v'
Parsing design file '/afs/ece.cmu.edu/support/xilinx/xilinx.release/Vivado-2015.2/Vivado/2015.2/data/verilog/src/unisims/DCIRESET.v'
Parsing design file '/afs/ece.cmu.edu/support/xilinx/xilinx.release/Vivado-2015.2/Vivado/2015.2/data/verilog/src/unisims/DSP48E1.v'
Parsing design file '/afs/ece.cmu.edu/support/xilinx/xilinx.release/Vivado-2015.2/Vivado/2015.2/data/verilog/src/unisims/DSP48E2.v'
Parsing design file '/afs/ece.cmu.edu/support/xilinx/xilinx.release/Vivado-2015.2/Vivado/2015.2/data/verilog/src/unisims/DSP_ALU.v'
Parsing design file '/afs/ece.cmu.edu/support/xilinx/xilinx.release/Vivado-2015.2/Vivado/2015.2/data/verilog/src/unisims/DSP_C_DATA.v'
Parsing design file '/afs/ece.cmu.edu/support/xilinx/xilinx.release/Vivado-2015.2/Vivado/2015.2/data/verilog/src/unisims/DSP_MULTIPLIER.v'
Parsing design file '/afs/ece.cmu.edu/support/xilinx/xilinx.release/Vivado-2015.2/Vivado/2015.2/data/verilog/src/unisims/DSP_OUTPUT.v'
Parsing design file '/afs/ece.cmu.edu/support/xilinx/xilinx.release/Vivado-2015.2/Vivado/2015.2/data/verilog/src/unisims/DSP_PREADD.v'
Parsing design file '/afs/ece.cmu.edu/support/xilinx/xilinx.release/Vivado-2015.2/Vivado/2015.2/data/verilog/src/unisims/DSP_PREADD_DATA.v'
Parsing design file '/afs/ece.cmu.edu/support/xilinx/xilinx.release/Vivado-2015.2/Vivado/2015.2/data/verilog/src/unisims/FDPE.v'
Parsing design file '/afs/ece.cmu.edu/support/xilinx/xilinx.release/Vivado-2015.2/Vivado/2015.2/data/verilog/src/unisims/FDSE.v'
Parsing design file '/afs/ece.cmu.edu/support/xilinx/xilinx.release/Vivado-2015.2/Vivado/2015.2/data/verilog/src/unisims/FIFO18E1.v'
Parsing design file '/afs/ece.cmu.edu/support/xilinx/xilinx.release/Vivado-2015.2/Vivado/2015.2/data/verilog/src/unisims/FIFO18E2.v'
Parsing design file '/afs/ece.cmu.edu/support/xilinx/xilinx.release/Vivado-2015.2/Vivado/2015.2/data/verilog/src/unisims/GND.v'
Parsing design file '/afs/ece.cmu.edu/support/xilinx/xilinx.release/Vivado-2015.2/Vivado/2015.2/data/verilog/src/unisims/GTHE2_COMMON.v'
Parsing design file '/afs/ece.cmu.edu/support/xilinx/xilinx.release/Vivado-2015.2/Vivado/2015.2/data/verilog/src/unisims/GTHE3_COMMON.v'
Parsing design file '/afs/ece.cmu.edu/support/xilinx/xilinx.release/Vivado-2015.2/Vivado/2015.2/data/verilog/src/unisims/GTPE2_COMMON.v'
Parsing design file '/afs/ece.cmu.edu/support/xilinx/xilinx.release/Vivado-2015.2/Vivado/2015.2/data/verilog/src/unisims/GTXE2_CHANNEL.v'
Parsing design file '/afs/ece.cmu.edu/support/xilinx/xilinx.release/Vivado-2015.2/Vivado/2015.2/data/verilog/src/unisims/GTYE3_COMMON.v'
Parsing design file '/afs/ece.cmu.edu/support/xilinx/xilinx.release/Vivado-2015.2/Vivado/2015.2/data/verilog/src/unisims/IBUFCTRL.v'
Parsing design file '/afs/ece.cmu.edu/support/xilinx/xilinx.release/Vivado-2015.2/Vivado/2015.2/data/verilog/src/unisims/IBUFDS.v'
Parsing design file '/afs/ece.cmu.edu/support/xilinx/xilinx.release/Vivado-2015.2/Vivado/2015.2/data/verilog/src/unisims/IBUFDS_GTE2.v'
Parsing design file '/afs/ece.cmu.edu/support/xilinx/xilinx.release/Vivado-2015.2/Vivado/2015.2/data/verilog/src/unisims/IBUFDS_GTE3.v'
Parsing design file '/afs/ece.cmu.edu/support/xilinx/xilinx.release/Vivado-2015.2/Vivado/2015.2/data/verilog/src/unisims/IBUFDS_IBUFDISABLE.v'
Parsing design file '/afs/ece.cmu.edu/support/xilinx/xilinx.release/Vivado-2015.2/Vivado/2015.2/data/verilog/src/unisims/IBUFDS_INTERMDISABLE.v'
Parsing design file '/afs/ece.cmu.edu/support/xilinx/xilinx.release/Vivado-2015.2/Vivado/2015.2/data/verilog/src/unisims/IBUFE3.v'
Parsing design file '/afs/ece.cmu.edu/support/xilinx/xilinx.release/Vivado-2015.2/Vivado/2015.2/data/verilog/src/unisims/IBUF_ANALOG.v'
Parsing design file '/afs/ece.cmu.edu/support/xilinx/xilinx.release/Vivado-2015.2/Vivado/2015.2/data/verilog/src/unisims/IDDR.v'
Parsing design file '/afs/ece.cmu.edu/support/xilinx/xilinx.release/Vivado-2015.2/Vivado/2015.2/data/verilog/src/unisims/IDDRE1.v'
Parsing design file '/afs/ece.cmu.edu/support/xilinx/xilinx.release/Vivado-2015.2/Vivado/2015.2/data/verilog/src/unisims/IDDR_2CLK.v'
Parsing design file '/afs/ece.cmu.edu/support/xilinx/xilinx.release/Vivado-2015.2/Vivado/2015.2/data/verilog/src/unisims/IDELAYCTRL.v'
Parsing design file '/afs/ece.cmu.edu/support/xilinx/xilinx.release/Vivado-2015.2/Vivado/2015.2/data/verilog/src/unisims/IDELAYE2_FINEDELAY.v'
Parsing design file '/afs/ece.cmu.edu/support/xilinx/xilinx.release/Vivado-2015.2/Vivado/2015.2/data/verilog/src/unisims/ILKN.v'
Parsing design file '/afs/ece.cmu.edu/support/xilinx/xilinx.release/Vivado-2015.2/Vivado/2015.2/data/verilog/src/unisims/INBUF.v'
Parsing design file '/afs/ece.cmu.edu/support/xilinx/xilinx.release/Vivado-2015.2/Vivado/2015.2/data/verilog/src/unisims/IN_FIFO.v'
Parsing design file '/afs/ece.cmu.edu/support/xilinx/xilinx.release/Vivado-2015.2/Vivado/2015.2/data/verilog/src/unisims/IOBUF.v'
Parsing design file '/afs/ece.cmu.edu/support/xilinx/xilinx.release/Vivado-2015.2/Vivado/2015.2/data/verilog/src/unisims/IOBUFDSE3.v'
Parsing design file '/afs/ece.cmu.edu/support/xilinx/xilinx.release/Vivado-2015.2/Vivado/2015.2/data/verilog/src/unisims/IOBUFDS_DIFF_OUT.v'
Parsing design file '/afs/ece.cmu.edu/support/xilinx/xilinx.release/Vivado-2015.2/Vivado/2015.2/data/verilog/src/unisims/IOBUF_DCIEN.v'
Parsing design file '/afs/ece.cmu.edu/support/xilinx/xilinx.release/Vivado-2015.2/Vivado/2015.2/data/verilog/src/unisims/IOBUFDS_DIFF_OUT_DCIEN.v'
Parsing design file '/afs/ece.cmu.edu/support/xilinx/xilinx.release/Vivado-2015.2/Vivado/2015.2/data/verilog/src/unisims/IOBUF_INTERMDISABLE.v'
Parsing design file '/afs/ece.cmu.edu/support/xilinx/xilinx.release/Vivado-2015.2/Vivado/2015.2/data/verilog/src/unisims/ISERDESE2.v'
Parsing design file '/afs/ece.cmu.edu/support/xilinx/xilinx.release/Vivado-2015.2/Vivado/2015.2/data/verilog/src/unisims/ISERDESE3.v'
Parsing design file '/afs/ece.cmu.edu/support/xilinx/xilinx.release/Vivado-2015.2/Vivado/2015.2/data/verilog/src/unisims/ISERDES_NODELAY.v'
Parsing design file '/afs/ece.cmu.edu/support/xilinx/xilinx.release/Vivado-2015.2/Vivado/2015.2/data/verilog/src/unisims/KEEPER.v'
Parsing design file '/afs/ece.cmu.edu/support/xilinx/xilinx.release/Vivado-2015.2/Vivado/2015.2/data/verilog/src/unisims/MASTER_JTAG.v'
Parsing design file '/afs/ece.cmu.edu/support/xilinx/xilinx.release/Vivado-2015.2/Vivado/2015.2/data/verilog/src/unisims/MMCME2_BASE.v'
Parsing design file '/afs/ece.cmu.edu/support/xilinx/xilinx.release/Vivado-2015.2/Vivado/2015.2/data/verilog/src/unisims/MMCME3_ADV.v'
Parsing design file '/afs/ece.cmu.edu/support/xilinx/xilinx.release/Vivado-2015.2/Vivado/2015.2/data/verilog/src/unisims/MMCME3_BASE.v'
Parsing design file '/afs/ece.cmu.edu/support/xilinx/xilinx.release/Vivado-2015.2/Vivado/2015.2/data/verilog/src/unisims/MUXCY.v'
Parsing design file '/afs/ece.cmu.edu/support/xilinx/xilinx.release/Vivado-2015.2/Vivado/2015.2/data/verilog/src/unisims/OBUF.v'
Parsing design file '/afs/ece.cmu.edu/support/xilinx/xilinx.release/Vivado-2015.2/Vivado/2015.2/data/verilog/src/unisims/OBUFDS_GTE3.v'
Parsing design file '/afs/ece.cmu.edu/support/xilinx/xilinx.release/Vivado-2015.2/Vivado/2015.2/data/verilog/src/unisims/OBUFDS_GTE3_ADV.v'
Parsing design file '/afs/ece.cmu.edu/support/xilinx/xilinx.release/Vivado-2015.2/Vivado/2015.2/data/verilog/src/unisims/OBUFTDS_DCIEN.v'
Parsing design file '/afs/ece.cmu.edu/support/xilinx/xilinx.release/Vivado-2015.2/Vivado/2015.2/data/verilog/src/unisims/ODDR.v'
Parsing design file '/afs/ece.cmu.edu/support/xilinx/xilinx.release/Vivado-2015.2/Vivado/2015.2/data/verilog/src/unisims/OSERDESE1.v'
Parsing design file '/afs/ece.cmu.edu/support/xilinx/xilinx.release/Vivado-2015.2/Vivado/2015.2/data/verilog/src/unisims/OSERDESE2.v'
Parsing design file '/afs/ece.cmu.edu/support/xilinx/xilinx.release/Vivado-2015.2/Vivado/2015.2/data/verilog/src/unisims/OSERDESE3.v'
Parsing design file '/afs/ece.cmu.edu/support/xilinx/xilinx.release/Vivado-2015.2/Vivado/2015.2/data/verilog/src/unisims/PCIE_3_0.v'
Parsing design file '/afs/ece.cmu.edu/support/xilinx/xilinx.release/Vivado-2015.2/Vivado/2015.2/data/verilog/src/unisims/PCIE_3_1.v'
Parsing design file '/afs/ece.cmu.edu/support/xilinx/xilinx.release/Vivado-2015.2/Vivado/2015.2/data/verilog/src/unisims/PHASER_IN.v'
Parsing design file '/afs/ece.cmu.edu/support/xilinx/xilinx.release/Vivado-2015.2/Vivado/2015.2/data/verilog/src/unisims/PHASER_REF.v'
Parsing design file '/afs/ece.cmu.edu/support/xilinx/xilinx.release/Vivado-2015.2/Vivado/2015.2/data/verilog/src/unisims/PHY_CONTROL.v'
Parsing design file '/afs/ece.cmu.edu/support/xilinx/xilinx.release/Vivado-2015.2/Vivado/2015.2/data/verilog/src/unisims/PLLE2_ADV.v'
Parsing design file '/afs/ece.cmu.edu/support/xilinx/xilinx.release/Vivado-2015.2/Vivado/2015.2/data/verilog/src/unisims/PLLE2_BASE.v'
Parsing design file '/afs/ece.cmu.edu/support/xilinx/xilinx.release/Vivado-2015.2/Vivado/2015.2/data/verilog/src/unisims/PLLE3_ADV.v'
Parsing design file '/afs/ece.cmu.edu/support/xilinx/xilinx.release/Vivado-2015.2/Vivado/2015.2/data/verilog/src/unisims/PS7.v'
Parsing design file '/afs/ece.cmu.edu/support/xilinx/xilinx.release/Vivado-2015.2/Vivado/2015.2/data/verilog/src/unisims/RAM128X1S.v'
Parsing design file '/afs/ece.cmu.edu/support/xilinx/xilinx.release/Vivado-2015.2/Vivado/2015.2/data/verilog/src/unisims/RAM32M.v'
Parsing design file '/afs/ece.cmu.edu/support/xilinx/xilinx.release/Vivado-2015.2/Vivado/2015.2/data/verilog/src/unisims/RAM32X1D.v'
Parsing design file '/afs/ece.cmu.edu/support/xilinx/xilinx.release/Vivado-2015.2/Vivado/2015.2/data/verilog/src/unisims/RAM32X1S.v'
Parsing design file '/afs/ece.cmu.edu/support/xilinx/xilinx.release/Vivado-2015.2/Vivado/2015.2/data/verilog/src/unisims/RAM64X1D.v'
Parsing design file '/afs/ece.cmu.edu/support/xilinx/xilinx.release/Vivado-2015.2/Vivado/2015.2/data/verilog/src/unisims/RAMB18E1.v'
Parsing design file '/afs/ece.cmu.edu/support/xilinx/xilinx.release/Vivado-2015.2/Vivado/2015.2/data/verilog/src/unisims/RAMB18E2.v'
Parsing design file '/afs/ece.cmu.edu/support/xilinx/xilinx.release/Vivado-2015.2/Vivado/2015.2/data/verilog/src/unisims/RAMB36E1.v'
Parsing design file '/afs/ece.cmu.edu/support/xilinx/xilinx.release/Vivado-2015.2/Vivado/2015.2/data/verilog/src/unisims/RAMB36E2.v'
Parsing design file '/afs/ece.cmu.edu/support/xilinx/xilinx.release/Vivado-2015.2/Vivado/2015.2/data/verilog/src/unisims/RAMD32.v'
Parsing design file '/afs/ece.cmu.edu/support/xilinx/xilinx.release/Vivado-2015.2/Vivado/2015.2/data/verilog/src/unisims/RAMD64E.v'
Parsing design file '/afs/ece.cmu.edu/support/xilinx/xilinx.release/Vivado-2015.2/Vivado/2015.2/data/verilog/src/unisims/RXTX_BITSLICE.v'
Parsing design file '/afs/ece.cmu.edu/support/xilinx/xilinx.release/Vivado-2015.2/Vivado/2015.2/data/verilog/src/unisims/SIM_CONFIGE2.v'
Parsing design file '/afs/ece.cmu.edu/support/xilinx/xilinx.release/Vivado-2015.2/Vivado/2015.2/data/verilog/src/unisims/SIM_CONFIGE3.v'
Parsing design file '/afs/ece.cmu.edu/support/xilinx/xilinx.release/Vivado-2015.2/Vivado/2015.2/data/verilog/src/unisims/SRL16E.v'
Parsing design file '/afs/ece.cmu.edu/support/xilinx/xilinx.release/Vivado-2015.2/Vivado/2015.2/data/verilog/src/unisims/SRLC16E.v'
Parsing design file '/afs/ece.cmu.edu/support/xilinx/xilinx.release/Vivado-2015.2/Vivado/2015.2/data/verilog/src/unisims/SRLC32E.v'
Parsing design file '/afs/ece.cmu.edu/support/xilinx/xilinx.release/Vivado-2015.2/Vivado/2015.2/data/verilog/src/unisims/SYSMONE1.v'
Parsing design file '/afs/ece.cmu.edu/support/xilinx/xilinx.release/Vivado-2015.2/Vivado/2015.2/data/verilog/src/unisims/TX_BITSLICE.v'
Parsing design file '/afs/ece.cmu.edu/support/xilinx/xilinx.release/Vivado-2015.2/Vivado/2015.2/data/verilog/src/unisims/TX_BITSLICE_TRI.v'
Parsing design file '/afs/ece.cmu.edu/support/xilinx/xilinx.release/Vivado-2015.2/Vivado/2015.2/data/verilog/src/unisims/XORCY.v'
Parsing design file '/afs/ece.cmu.edu/support/xilinx/xilinx.release/Vivado-2015.2/Vivado/2015.2/data/verilog/src/unisims/ZHOLD_DELAY.v'
